<?xml version="1.0" encoding="UTF-8"?>
<!-- Generated by org.testng.reporters.JUnitReportReporter -->
<testsuite hostname="Rushita" failures="0" tests="2" name="com.apitesting.test.GetUserRequestTest" time="9.813" errors="0" timestamp="2024-04-23T23:14:44 IST" skipped="0">
  <testcase classname="com.apitesting.test.GetUserRequestTest" name="getAllUsersAPITest" time="6.527"/>
  <testcase classname="com.apitesting.test.GetUserRequestTest" name="getAllUsersWithQueryParameter" time="3.286"/>
</testsuite> <!-- com.apitesting.test.GetUserRequestTest -->
