<?xml version="1.0" encoding="UTF-8"?>
<!-- Generated by org.testng.reporters.JUnitReportReporter -->
<testsuite hostname="Rushita" failures="0" tests="1" name="com.apitesting.test.PostCreateUserRequest" time="10.740" errors="0" timestamp="2024-04-23T23:41:00 IST" skipped="0">
  <testcase classname="com.apitesting.test.PostCreateUserRequest" name="addUserTest" time="10.740"/>
</testsuite> <!-- com.apitesting.test.PostCreateUserRequest -->
