<?xml version="1.0" encoding="UTF-8"?>
<!-- Generated by org.testng.reporters.JUnitReportReporter -->
<testsuite hostname="Rushita" failures="0" tests="1" name="com.apitesting.test.DeleteUserRequest" time="12.110" errors="0" timestamp="2024-04-25T21:06:16 IST" skipped="0">
  <testcase classname="com.apitesting.test.DeleteUserRequest" name="deleteAddedUserTest" time="12.110"/>
</testsuite> <!-- com.apitesting.test.DeleteUserRequest -->
