<?xml version="1.0" encoding="UTF-8"?>
<!-- Generated by org.testng.reporters.JUnitReportReporter -->
<testsuite hostname="Rushita" failures="0" tests="2" name="com.apitesting.test.GetApiRequest" time="7.524" errors="0" timestamp="2024-04-23T21:34:49 IST" skipped="0">
  <testcase classname="com.apitesting.test.GetApiRequest" name="getAllUsersWithQueryParameter" time="0.933"/>
  <testcase classname="com.apitesting.test.GetApiRequest" name="getAllUsersAPITest" time="6.591"/>
</testsuite> <!-- com.apitesting.test.GetApiRequest -->
